<?xml version="1.0" encoding="UTF-8"?>
<!-- Generated by org.testng.reporters.JUnitXMLReporter -->
<testsuite hostname="ROG" ignored="0" name="Test" tests="1" failures="1" timestamp="2020-07-15T13:25:11 IST" time="0.031" errors="0">
  <testcase name="create_Tc01" time="0.0" classname="com.droprotactoApp.dro_protactoApp2">
    <failure type="org.testng.TestNGException" message="
Cannot inject @Test annotated Method [create_Tc01] with [class [Ljava.lang.String;].
For more information on native dependency injection please refer to http://testng.org/doc/documentation-main.html#native-dependency-injection">
      <![CDATA[org.testng.TestNGException: 
Cannot inject @Test annotated Method [create_Tc01] with [class [Ljava.lang.String;].
For more information on native dependency injection please refer to http://testng.org/doc/documentation-main.html#native-dependency-injection
at java.util.ArrayList.forEach(Unknown Source)
... Removed 26 stack frames]]>
    </failure>
  </testcase> <!-- create_Tc01 -->
</testsuite> <!-- Test -->
